<?xml version="1.0" encoding="UTF-8"?>
<testng-results ignored="0" total="1" passed="1" failed="0" skipped="0">
  <reporter-output>
  </reporter-output>
  <suite started-at="2022-03-08T17:54:49 IST" name="Default suite" finished-at="2022-03-08T17:54:49 IST" duration-ms="44">
    <groups>
    </groups>
    <test started-at="2022-03-08T17:54:49 IST" name="Default test" finished-at="2022-03-08T17:54:49 IST" duration-ms="44">
      <class name="gayatri.Streamsofjava">
        <test-method signature="streamCollect()[pri:0, instance:gayatri.Streamsofjava@50a638b5]" started-at="2022-03-08T17:54:49 IST" name="streamCollect" finished-at="2022-03-08T17:54:49 IST" duration-ms="10" status="PASS">
          <reporter-output>
          </reporter-output>
        </test-method> <!-- streamCollect -->
      </class> <!-- gayatri.Streamsofjava -->
    </test> <!-- Default test -->
  </suite> <!-- Default suite -->
</testng-results>
